<?xml version="1.0" encoding="UTF-8" ?>
<testsuite 
errors="0" failures="0" hostname="kini-G3-3579" name="org.scalatest.junit.JUnitWrapperSuite" tests="0" time="0.025" timestamp="2022-03-27T21:49:42">
  <properties>
    <property name="java.runtime.name" value="OpenJDK Runtime Environment"/>
    <property name="java.vm.version" value="11.0.14+9-Ubuntu-0ubuntu2.20.04"/>
    <property 
    name="sun.boot.library.path" value="/usr/lib/jvm/java-11-openjdk-amd64/lib">
</property>
    <property name="java.vm.vendor" value="Ubuntu"/>
    <property name="java.vendor.url" value="https://ubuntu.com/"/>
    <property name="path.separator" value=":"/>
    <property name="java.vm.name" value="OpenJDK 64-Bit Server VM"/>
    <property name="sun.os.patch.level" value="unknown"/>
    <property name="user.country" value="US"/>
    <property name="sun.java.launcher" value="SUN_STANDARD"/>
    <property 
    name="java.vm.specification.name" value="Java Virtual Machine Specification">
</property>
    <property name="user.dir" value="/home/kini/IdeaProjects/BigData_Project"/>
    <property name="java.vm.compressedOopsMode" value="32-bit"/>
    <property 
    name="java.runtime.version" value="11.0.14+9-Ubuntu-0ubuntu2.20.04">
</property>
    <property 
    name="java.awt.graphicsenv" value="sun.awt.X11GraphicsEnvironment">
</property>
    <property name="basedir" value="/home/kini/IdeaProjects/BigData_Project"/>
    <property name="os.arch" value="amd64"/>
    <property name="java.io.tmpdir" value="/tmp"/>
    <property name="line.separator" value=" "/>
    <property name="java.vm.specification.vendor" value="Oracle Corporation"/>
    <property name="os.name" value="Linux"/>
    <property name="sun.jnu.encoding" value="UTF-8"/>
    <property 
    name="java.library.path" value="/usr/java/packages/lib:/usr/lib/x86_64-linux-gnu/jni:/lib/x86_64-linux-gnu:/usr/lib/x86_64-linux-gnu:/usr/lib/jni:/lib:/usr/lib">
</property>
    <property name="jdk.debug" value="release"/>
    <property name="java.class.version" value="55.0"/>
    <property 
    name="java.specification.name" value="Java Platform API Specification">
</property>
    <property 
    name="sun.management.compiler" value="HotSpot 64-Bit Tiered Compilers">
</property>
    <property name="os.version" value="5.13.0-37-generic"/>
    <property name="user.home" value="/home/kini"/>
    <property name="user.timezone" value=""/>
    <property name="java.awt.printerjob" value="sun.print.PSPrinterJob"/>
    <property name="file.encoding" value="UTF-8"/>
    <property name="java.specification.version" value="11"/>
    <property name="user.name" value="kini"/>
    <property 
    name="java.class.path" value="/home/kini/IdeaProjects/BigData_Project/target/test-classes:/home/kini/IdeaProjects/BigData_Project/target/classes:/home/kini/.m2/repository/org/scala-lang/scala-library/2.12.6/scala-library-2.12.6.jar:/home/kini/.m2/repository/junit/junit/4.12/junit-4.12.jar:/home/kini/.m2/repository/org/hamcrest/hamcrest-core/1.3/hamcrest-core-1.3.jar:/home/kini/.m2/repository/org/scalatest/scalatest_2.12/3.0.5/scalatest_2.12-3.0.5.jar:/home/kini/.m2/repository/org/scalactic/scalactic_2.12/3.0.5/scalactic_2.12-3.0.5.jar:/home/kini/.m2/repository/org/scala-lang/scala-reflect/2.12.4/scala-reflect-2.12.4.jar:/home/kini/.m2/repository/org/scala-lang/modules/scala-xml_2.12/1.0.6/scala-xml_2.12-1.0.6.jar:/home/kini/.m2/repository/org/specs2/specs2-core_2.12/4.2.0/specs2-core_2.12-4.2.0.jar:/home/kini/.m2/repository/org/specs2/specs2-matcher_2.12/4.2.0/specs2-matcher_2.12-4.2.0.jar:/home/kini/.m2/repository/org/specs2/specs2-common_2.12/4.2.0/specs2-common_2.12-4.2.0.jar:/home/kini/.m2/repository/org/specs2/specs2-fp_2.12/4.2.0/specs2-fp_2.12-4.2.0.jar:/home/kini/.m2/repository/org/scala-sbt/test-interface/1.0/test-interface-1.0.jar:/home/kini/.m2/repository/org/specs2/specs2-junit_2.12/4.2.0/specs2-junit_2.12-4.2.0.jar:/home/kini/.m2/repository/org/apache/spark/spark-core_2.12/3.2.0/spark-core_2.12-3.2.0.jar:/home/kini/.m2/repository/org/apache/avro/avro/1.10.2/avro-1.10.2.jar:/home/kini/.m2/repository/com/fasterxml/jackson/core/jackson-core/2.12.2/jackson-core-2.12.2.jar:/home/kini/.m2/repository/org/apache/commons/commons-compress/1.20/commons-compress-1.20.jar:/home/kini/.m2/repository/org/apache/avro/avro-mapred/1.10.2/avro-mapred-1.10.2.jar:/home/kini/.m2/repository/org/apache/avro/avro-ipc/1.10.2/avro-ipc-1.10.2.jar:/home/kini/.m2/repository/org/tukaani/xz/1.8/xz-1.8.jar:/home/kini/.m2/repository/com/twitter/chill_2.12/0.10.0/chill_2.12-0.10.0.jar:/home/kini/.m2/repository/com/esotericsoftware/kryo-shaded/4.0.2/kryo-shaded-4.0.2.jar:/home/kini/.m2/repository/com/esotericsoftware/minlog/1.3.0/minlog-1.3.0.jar:/home/kini/.m2/repository/org/objenesis/objenesis/2.5.1/objenesis-2.5.1.jar:/home/kini/.m2/repository/com/twitter/chill-java/0.10.0/chill-java-0.10.0.jar:/home/kini/.m2/repository/org/apache/xbean/xbean-asm9-shaded/4.20/xbean-asm9-shaded-4.20.jar:/home/kini/.m2/repository/org/apache/hadoop/hadoop-client-api/3.3.1/hadoop-client-api-3.3.1.jar:/home/kini/.m2/repository/org/apache/hadoop/hadoop-client-runtime/3.3.1/hadoop-client-runtime-3.3.1.jar:/home/kini/.m2/repository/org/apache/htrace/htrace-core4/4.1.0-incubating/htrace-core4-4.1.0-incubating.jar:/home/kini/.m2/repository/commons-logging/commons-logging/1.1.3/commons-logging-1.1.3.jar:/home/kini/.m2/repository/org/apache/spark/spark-launcher_2.12/3.2.0/spark-launcher_2.12-3.2.0.jar:/home/kini/.m2/repository/org/apache/spark/spark-kvstore_2.12/3.2.0/spark-kvstore_2.12-3.2.0.jar:/home/kini/.m2/repository/org/fusesource/leveldbjni/leveldbjni-all/1.8/leveldbjni-all-1.8.jar:/home/kini/.m2/repository/com/fasterxml/jackson/core/jackson-annotations/2.12.3/jackson-annotations-2.12.3.jar:/home/kini/.m2/repository/org/apache/spark/spark-network-common_2.12/3.2.0/spark-network-common_2.12-3.2.0.jar:/home/kini/.m2/repository/com/google/crypto/tink/tink/1.6.0/tink-1.6.0.jar:/home/kini/.m2/repository/com/google/code/gson/gson/2.8.6/gson-2.8.6.jar:/home/kini/.m2/repository/org/apache/spark/spark-network-shuffle_2.12/3.2.0/spark-network-shuffle_2.12-3.2.0.jar:/home/kini/.m2/repository/org/apache/spark/spark-unsafe_2.12/3.2.0/spark-unsafe_2.12-3.2.0.jar:/home/kini/.m2/repository/javax/activation/activation/1.1.1/activation-1.1.1.jar:/home/kini/.m2/repository/org/apache/curator/curator-recipes/2.13.0/curator-recipes-2.13.0.jar:/home/kini/.m2/repository/org/apache/curator/curator-framework/2.13.0/curator-framework-2.13.0.jar:/home/kini/.m2/repository/org/apache/curator/curator-client/2.13.0/curator-client-2.13.0.jar:/home/kini/.m2/repository/com/google/guava/guava/16.0.1/guava-16.0.1.jar:/home/kini/.m2/repository/org/apache/zookeeper/zookeeper/3.6.2/zookeeper-3.6.2.jar:/home/kini/.m2/repository/commons-lang/commons-lang/2.6/commons-lang-2.6.jar:/home/kini/.m2/repository/org/apache/zookeeper/zookeeper-jute/3.6.2/zookeeper-jute-3.6.2.jar:/home/kini/.m2/repository/org/apache/yetus/audience-annotations/0.5.0/audience-annotations-0.5.0.jar:/home/kini/.m2/repository/jakarta/servlet/jakarta.servlet-api/4.0.3/jakarta.servlet-api-4.0.3.jar:/home/kini/.m2/repository/commons-codec/commons-codec/1.15/commons-codec-1.15.jar:/home/kini/.m2/repository/org/apache/commons/commons-lang3/3.12.0/commons-lang3-3.12.0.jar:/home/kini/.m2/repository/org/apache/commons/commons-math3/3.4.1/commons-math3-3.4.1.jar:/home/kini/.m2/repository/org/apache/commons/commons-text/1.6/commons-text-1.6.jar:/home/kini/.m2/repository/commons-io/commons-io/2.8.0/commons-io-2.8.0.jar:/home/kini/.m2/repository/commons-collections/commons-collections/3.2.2/commons-collections-3.2.2.jar:/home/kini/.m2/repository/com/google/code/findbugs/jsr305/3.0.0/jsr305-3.0.0.jar:/home/kini/.m2/repository/org/slf4j/slf4j-api/1.7.30/slf4j-api-1.7.30.jar:/home/kini/.m2/repository/org/slf4j/jul-to-slf4j/1.7.30/jul-to-slf4j-1.7.30.jar:/home/kini/.m2/repository/org/slf4j/jcl-over-slf4j/1.7.30/jcl-over-slf4j-1.7.30.jar:/home/kini/.m2/repository/log4j/log4j/1.2.17/log4j-1.2.17.jar:/home/kini/.m2/repository/org/slf4j/slf4j-log4j12/1.7.30/slf4j-log4j12-1.7.30.jar:/home/kini/.m2/repository/com/ning/compress-lzf/1.0.3/compress-lzf-1.0.3.jar:/home/kini/.m2/repository/org/xerial/snappy/snappy-java/1.1.8.4/snappy-java-1.1.8.4.jar:/home/kini/.m2/repository/org/lz4/lz4-java/1.7.1/lz4-java-1.7.1.jar:/home/kini/.m2/repository/com/github/luben/zstd-jni/1.5.0-4/zstd-jni-1.5.0-4.jar:/home/kini/.m2/repository/org/roaringbitmap/RoaringBitmap/0.9.0/RoaringBitmap-0.9.0.jar:/home/kini/.m2/repository/org/roaringbitmap/shims/0.9.0/shims-0.9.0.jar:/home/kini/.m2/repository/commons-net/commons-net/3.1/commons-net-3.1.jar:/home/kini/.m2/repository/org/json4s/json4s-jackson_2.12/3.7.0-M11/json4s-jackson_2.12-3.7.0-M11.jar:/home/kini/.m2/repository/org/json4s/json4s-core_2.12/3.7.0-M11/json4s-core_2.12-3.7.0-M11.jar:/home/kini/.m2/repository/org/json4s/json4s-ast_2.12/3.7.0-M11/json4s-ast_2.12-3.7.0-M11.jar:/home/kini/.m2/repository/org/json4s/json4s-scalap_2.12/3.7.0-M11/json4s-scalap_2.12-3.7.0-M11.jar:/home/kini/.m2/repository/org/glassfish/jersey/core/jersey-client/2.34/jersey-client-2.34.jar:/home/kini/.m2/repository/jakarta/ws/rs/jakarta.ws.rs-api/2.1.6/jakarta.ws.rs-api-2.1.6.jar:/home/kini/.m2/repository/org/glassfish/hk2/external/jakarta.inject/2.6.1/jakarta.inject-2.6.1.jar:/home/kini/.m2/repository/org/glassfish/jersey/core/jersey-common/2.34/jersey-common-2.34.jar:/home/kini/.m2/repository/jakarta/annotation/jakarta.annotation-api/1.3.5/jakarta.annotation-api-1.3.5.jar:/home/kini/.m2/repository/org/glassfish/hk2/osgi-resource-locator/1.0.3/osgi-resource-locator-1.0.3.jar:/home/kini/.m2/repository/org/glassfish/jersey/core/jersey-server/2.34/jersey-server-2.34.jar:/home/kini/.m2/repository/jakarta/validation/jakarta.validation-api/2.0.2/jakarta.validation-api-2.0.2.jar:/home/kini/.m2/repository/org/glassfish/jersey/containers/jersey-container-servlet/2.34/jersey-container-servlet-2.34.jar:/home/kini/.m2/repository/org/glassfish/jersey/containers/jersey-container-servlet-core/2.34/jersey-container-servlet-core-2.34.jar:/home/kini/.m2/repository/org/glassfish/jersey/inject/jersey-hk2/2.34/jersey-hk2-2.34.jar:/home/kini/.m2/repository/org/glassfish/hk2/hk2-locator/2.6.1/hk2-locator-2.6.1.jar:/home/kini/.m2/repository/org/glassfish/hk2/external/aopalliance-repackaged/2.6.1/aopalliance-repackaged-2.6.1.jar:/home/kini/.m2/repository/org/glassfish/hk2/hk2-api/2.6.1/hk2-api-2.6.1.jar:/home/kini/.m2/repository/org/glassfish/hk2/hk2-utils/2.6.1/hk2-utils-2.6.1.jar:/home/kini/.m2/repository/org/javassist/javassist/3.25.0-GA/javassist-3.25.0-GA.jar:/home/kini/.m2/repository/io/netty/netty-all/4.1.68.Final/netty-all-4.1.68.Final.jar:/home/kini/.m2/repository/com/clearspring/analytics/stream/2.9.6/stream-2.9.6.jar:/home/kini/.m2/repository/io/dropwizard/metrics/metrics-core/4.2.0/metrics-core-4.2.0.jar:/home/kini/.m2/repository/io/dropwizard/metrics/metrics-jvm/4.2.0/metrics-jvm-4.2.0.jar:/home/kini/.m2/repository/io/dropwizard/metrics/metrics-json/4.2.0/metrics-json-4.2.0.jar:/home/kini/.m2/repository/io/dropwizard/metrics/metrics-graphite/4.2.0/metrics-graphite-4.2.0.jar:/home/kini/.m2/repository/io/dropwizard/metrics/metrics-jmx/4.2.0/metrics-jmx-4.2.0.jar:/home/kini/.m2/repository/com/fasterxml/jackson/core/jackson-databind/2.12.3/jackson-databind-2.12.3.jar:/home/kini/.m2/repository/com/fasterxml/jackson/module/jackson-module-scala_2.12/2.12.3/jackson-module-scala_2.12-2.12.3.jar:/home/kini/.m2/repository/com/thoughtworks/paranamer/paranamer/2.8/paranamer-2.8.jar:/home/kini/.m2/repository/org/apache/ivy/ivy/2.5.0/ivy-2.5.0.jar:/home/kini/.m2/repository/oro/oro/2.0.8/oro-2.0.8.jar:/home/kini/.m2/repository/net/razorvine/pyrolite/4.30/pyrolite-4.30.jar:/home/kini/.m2/repository/net/sf/py4j/py4j/0.10.9.2/py4j-0.10.9.2.jar:/home/kini/.m2/repository/org/apache/spark/spark-tags_2.12/3.2.0/spark-tags_2.12-3.2.0.jar:/home/kini/.m2/repository/org/apache/commons/commons-crypto/1.1.0/commons-crypto-1.1.0.jar:/home/kini/.m2/repository/org/spark-project/spark/unused/1.0.0/unused-1.0.0.jar:/home/kini/.m2/repository/org/apache/spark/spark-streaming-kafka-0-10_2.12/3.2.0/spark-streaming-kafka-0-10_2.12-3.2.0.jar:/home/kini/.m2/repository/org/apache/spark/spark-token-provider-kafka-0-10_2.12/3.2.0/spark-token-provider-kafka-0-10_2.12-3.2.0.jar:/home/kini/.m2/repository/org/apache/kafka/kafka-clients/2.8.0/kafka-clients-2.8.0.jar:/home/kini/.m2/repository/org/apache/spark/spark-streaming_2.12/3.2.0/spark-streaming_2.12-3.2.0.jar:/home/kini/.m2/repository/org/apache/spark/spark-sql_2.12/3.2.0/spark-sql_2.12-3.2.0.jar:/home/kini/.m2/repository/org/rocksdb/rocksdbjni/6.20.3/rocksdbjni-6.20.3.jar:/home/kini/.m2/repository/com/univocity/univocity-parsers/2.9.1/univocity-parsers-2.9.1.jar:/home/kini/.m2/repository/org/apache/spark/spark-sketch_2.12/3.2.0/spark-sketch_2.12-3.2.0.jar:/home/kini/.m2/repository/org/apache/spark/spark-catalyst_2.12/3.2.0/spark-catalyst_2.12-3.2.0.jar:/home/kini/.m2/repository/org/scala-lang/modules/scala-parser-combinators_2.12/1.1.2/scala-parser-combinators_2.12-1.1.2.jar:/home/kini/.m2/repository/org/codehaus/janino/janino/3.0.16/janino-3.0.16.jar:/home/kini/.m2/repository/org/codehaus/janino/commons-compiler/3.0.16/commons-compiler-3.0.16.jar:/home/kini/.m2/repository/org/antlr/antlr4-runtime/4.8/antlr4-runtime-4.8.jar:/home/kini/.m2/repository/javax/xml/bind/jaxb-api/2.2.11/jaxb-api-2.2.11.jar:/home/kini/.m2/repository/org/apache/arrow/arrow-vector/2.0.0/arrow-vector-2.0.0.jar:/home/kini/.m2/repository/org/apache/arrow/arrow-format/2.0.0/arrow-format-2.0.0.jar:/home/kini/.m2/repository/org/apache/arrow/arrow-memory-core/2.0.0/arrow-memory-core-2.0.0.jar:/home/kini/.m2/repository/com/google/flatbuffers/flatbuffers-java/1.9.0/flatbuffers-java-1.9.0.jar:/home/kini/.m2/repository/org/apache/arrow/arrow-memory-netty/2.0.0/arrow-memory-netty-2.0.0.jar:/home/kini/.m2/repository/org/apache/orc/orc-core/1.6.11/orc-core-1.6.11.jar:/home/kini/.m2/repository/org/apache/orc/orc-shims/1.6.11/orc-shims-1.6.11.jar:/home/kini/.m2/repository/com/google/protobuf/protobuf-java/2.5.0/protobuf-java-2.5.0.jar:/home/kini/.m2/repository/io/airlift/aircompressor/0.21/aircompressor-0.21.jar:/home/kini/.m2/repository/org/jetbrains/annotations/17.0.0/annotations-17.0.0.jar:/home/kini/.m2/repository/org/threeten/threeten-extra/1.5.0/threeten-extra-1.5.0.jar:/home/kini/.m2/repository/org/apache/orc/orc-mapreduce/1.6.11/orc-mapreduce-1.6.11.jar:/home/kini/.m2/repository/org/apache/hive/hive-storage-api/2.7.2/hive-storage-api-2.7.2.jar:/home/kini/.m2/repository/org/apache/parquet/parquet-column/1.12.1/parquet-column-1.12.1.jar:/home/kini/.m2/repository/org/apache/parquet/parquet-common/1.12.1/parquet-common-1.12.1.jar:/home/kini/.m2/repository/org/apache/parquet/parquet-encoding/1.12.1/parquet-encoding-1.12.1.jar:/home/kini/.m2/repository/org/apache/parquet/parquet-hadoop/1.12.1/parquet-hadoop-1.12.1.jar:/home/kini/.m2/repository/org/apache/parquet/parquet-format-structures/1.12.1/parquet-format-structures-1.12.1.jar:/home/kini/.m2/repository/org/apache/parquet/parquet-jackson/1.12.1/parquet-jackson-1.12.1.jar:/home/kini/.m2/repository/org/apache/spark/spark-sql-kafka-0-10_2.12/3.2.0/spark-sql-kafka-0-10_2.12-3.2.0.jar:/home/kini/.m2/repository/org/apache/commons/commons-pool2/2.6.2/commons-pool2-2.6.2.jar:/home/kini/.m2/repository/org/postgresql/postgresql/42.3.2/postgresql-42.3.2.jar:/home/kini/.m2/repository/org/checkerframework/checker-qual/3.5.0/checker-qual-3.5.0.jar:/home/kini/.m2/repository/org/scala-tools/maven-scala-plugin/2.12/maven-scala-plugin-2.12.jar:/home/kini/.m2/repository/org/apache/maven/maven-plugin-api/2.0.9/maven-plugin-api-2.0.9.jar:/home/kini/.m2/repository/org/apache/maven/maven-project/2.0.9/maven-project-2.0.9.jar:/home/kini/.m2/repository/org/apache/maven/maven-settings/2.0.9/maven-settings-2.0.9.jar:/home/kini/.m2/repository/org/apache/maven/maven-profile/2.0.9/maven-profile-2.0.9.jar:/home/kini/.m2/repository/org/apache/maven/maven-model/2.0.9/maven-model-2.0.9.jar:/home/kini/.m2/repository/org/apache/maven/maven-artifact-manager/2.0.9/maven-artifact-manager-2.0.9.jar:/home/kini/.m2/repository/org/apache/maven/maven-repository-metadata/2.0.9/maven-repository-metadata-2.0.9.jar:/home/kini/.m2/repository/org/apache/maven/wagon/wagon-provider-api/1.0-beta-2/wagon-provider-api-1.0-beta-2.jar:/home/kini/.m2/repository/org/apache/maven/maven-plugin-registry/2.0.9/maven-plugin-registry-2.0.9.jar:/home/kini/.m2/repository/org/codehaus/plexus/plexus-utils/1.5.1/plexus-utils-1.5.1.jar:/home/kini/.m2/repository/org/apache/maven/maven-artifact/2.0.9/maven-artifact-2.0.9.jar:/home/kini/.m2/repository/org/codehaus/plexus/plexus-container-default/1.0-alpha-9-stable-1/plexus-container-default-1.0-alpha-9-stable-1.jar:/home/kini/.m2/repository/classworlds/classworlds/1.1-alpha-2/classworlds-1.1-alpha-2.jar:/home/kini/.m2/repository/org/apache/maven/reporting/maven-reporting-impl/2.0.4/maven-reporting-impl-2.0.4.jar:/home/kini/.m2/repository/commons-validator/commons-validator/1.2.0/commons-validator-1.2.0.jar:/home/kini/.m2/repository/commons-beanutils/commons-beanutils/1.7.0/commons-beanutils-1.7.0.jar:/home/kini/.m2/repository/commons-digester/commons-digester/1.6/commons-digester-1.6.jar:/home/kini/.m2/repository/xml-apis/xml-apis/1.0.b2/xml-apis-1.0.b2.jar:/home/kini/.m2/repository/org/apache/maven/doxia/doxia-core/1.0-alpha-7/doxia-core-1.0-alpha-7.jar:/home/kini/.m2/repository/org/apache/maven/reporting/maven-reporting-api/2.0.4/maven-reporting-api-2.0.4.jar:/home/kini/.m2/repository/org/apache/maven/doxia/doxia-sink-api/1.0-alpha-7/doxia-sink-api-1.0-alpha-7.jar:/home/kini/.m2/repository/org/apache/maven/doxia/doxia-site-renderer/1.0-alpha-8/doxia-site-renderer-1.0-alpha-8.jar:/home/kini/.m2/repository/org/codehaus/plexus/plexus-i18n/1.0-beta-6/plexus-i18n-1.0-beta-6.jar:/home/kini/.m2/repository/org/codehaus/plexus/plexus-velocity/1.1.3/plexus-velocity-1.1.3.jar:/home/kini/.m2/repository/velocity/velocity/1.4/velocity-1.4.jar:/home/kini/.m2/repository/velocity/velocity-dep/1.4/velocity-dep-1.4.jar:/home/kini/.m2/repository/org/apache/maven/doxia/doxia-decoration-model/1.0-alpha-8/doxia-decoration-model-1.0-alpha-8.jar:/home/kini/.m2/repository/jline/jline/0.9.93/jline-0.9.93.jar:/home/kini/.m2/repository/org/apache/maven/shared/maven-dependency-analyzer/1.1/maven-dependency-analyzer-1.1.jar:/home/kini/.m2/repository/asm/asm/3.0/asm-3.0.jar:/home/kini/.m2/repository/org/apache/maven/shared/maven-dependency-tree/1.2/maven-dependency-tree-1.2.jar:/home/kini/.m2/repository/org/apache/maven/shared/maven-common-artifact-filters/1.0/maven-common-artifact-filters-1.0.jar:/home/kini/.m2/repository/org/apache/maven/shared/maven-plugin-testing-harness/1.1/maven-plugin-testing-harness-1.1.jar:/home/kini/.m2/repository/org/apache/maven/maven-core/2.0/maven-core-2.0.jar:/home/kini/.m2/repository/org/apache/maven/wagon/wagon-file/1.0-alpha-5/wagon-file-1.0-alpha-5.jar:/home/kini/.m2/repository/org/apache/maven/maven-plugin-parameter-documenter/2.0/maven-plugin-parameter-documenter-2.0.jar:/home/kini/.m2/repository/org/apache/maven/wagon/wagon-http-lightweight/1.0-alpha-5/wagon-http-lightweight-1.0-alpha-5.jar:/home/kini/.m2/repository/org/apache/maven/maven-error-diagnostics/2.0/maven-error-diagnostics-2.0.jar:/home/kini/.m2/repository/commons-cli/commons-cli/1.0/commons-cli-1.0.jar:/home/kini/.m2/repository/org/apache/maven/maven-plugin-descriptor/2.0/maven-plugin-descriptor-2.0.jar:/home/kini/.m2/repository/org/codehaus/plexus/plexus-interactivity-api/1.0-alpha-4/plexus-interactivity-api-1.0-alpha-4.jar:/home/kini/.m2/repository/org/apache/maven/maven-monitor/2.0/maven-monitor-2.0.jar:/home/kini/.m2/repository/org/apache/maven/wagon/wagon-ssh/1.0-alpha-5/wagon-ssh-1.0-alpha-5.jar:/home/kini/.m2/repository/com/jcraft/jsch/0.1.23/jsch-0.1.23.jar:/home/kini/.m2/repository/org/codehaus/plexus/plexus-archiver/1.0-alpha-7/plexus-archiver-1.0-alpha-7.jar:/home/kini/.m2/repository/org/apache/commons/commons-exec/1.0/commons-exec-1.0.jar">
</property>
    <property name="java.vm.specification.version" value="11"/>
    <property name="sun.arch.data.model" value="64"/>
    <property 
    name="sun.java.command" value="org.scalatest.tools.Runner -R /home/kini/IdeaProjects/BigData_Project/target/classes /home/kini/IdeaProjects/BigData_Project/target/test-classes -j samples.AppTest -o -f /home/kini/IdeaProjects/BigData_Project/target/surefire-reports/TestSuiteReport.txt -u /home/kini/IdeaProjects/BigData_Project/target/surefire-reports/.">
</property>
    <property name="java.home" value="/usr/lib/jvm/java-11-openjdk-amd64"/>
    <property name="user.language" value="en"/>
    <property name="java.specification.vendor" value="Oracle Corporation"/>
    <property name="awt.toolkit" value="sun.awt.X11.XToolkit"/>
    <property name="java.vm.info" value="mixed mode, sharing"/>
    <property name="java.version" value="11.0.14"/>
    <property name="java.vendor" value="Ubuntu"/>
    <property name="file.separator" value="/"/>
    <property name="java.version.date" value="2022-01-18"/>
    <property 
    name="java.vendor.url.bug" value="https://bugs.launchpad.net/ubuntu/+source/openjdk-lts">
</property>
    <property name="sun.io.unicode.encoding" value="UnicodeLittle"/>
    <property name="sun.cpu.endian" value="little"/>
    <property name="sun.desktop" value="gnome"/>
    <property name="sun.cpu.isalist" value=""/>
  </properties>
  <system-out><![CDATA[]]></system-out>
  <system-err><![CDATA[]]></system-err>
</testsuite>
